<?xml version="1.0" encoding="UTF-8"?>
<!-- Generated by org.testng.reporters.JUnitReportReporter -->
<testsuite hostname="Venkat-PC" name="com.selenium.testcases.Ytesting" tests="1" failures="0" timestamp="25 May 2014 10:23:08 GMT" time="1.317" errors="0">
  <testcase name="testexe" time="1.317" classname="com.selenium.testcases.Ytesting"/>
</testsuite> <!-- com.selenium.testcases.Ytesting -->
