<?xml version="1.0" encoding="UTF-8"?>
<!-- Generated by org.testng.reporters.JUnitReportReporter -->
<testsuite hostname="Venkat-PC" name="com.selenium.testcases.Gsearch" tests="2" failures="0" timestamp="25 May 2014 10:23:08 GMT" time="3.017" errors="0">
  <testcase name="testexe" time="1.713" classname="com.selenium.testcases.Gsearch"/>
  <testcase name="testexe" time="1.304" classname="com.selenium.testcases.Gsearch"/>
</testsuite> <!-- com.selenium.testcases.Gsearch -->
